<?xml version="1.0" encoding="UTF-8"?>
<!-- Generated by org.testng.reporters.JUnitReportReporter -->
<testsuite hostname="MT-C02FQ37DMD6M" failures="0" tests="1" name="tests.PostPricePolicy" time="2.220" errors="0" timestamp="9 Dec 2022 20:11:47 GMT">
  <testcase classname="tests.PostPricePolicy" name="postPricePolicy" time="2.220"/>
</testsuite> <!-- tests.PostPricePolicy -->
