<?xml version="1.0" encoding="UTF-8"?>
<!-- Generated by org.testng.reporters.JUnitReportReporter -->
<testsuite hostname="MT-C02FQ37DMD6M" failures="0" tests="1" name="tests.GetFlight" time="1.648" errors="0" timestamp="9 Dec 2022 20:11:47 GMT">
  <testcase classname="tests.GetFlight" name="testGetFlights" time="1.648"/>
</testsuite> <!-- tests.GetFlight -->
