<?xml version="1.0" encoding="UTF-8"?>
<testsuite xmlns:xsi="http://www.w3.org/2001/XMLSchema-instance" xsi:noNamespaceSchemaLocation="https://maven.apache.org/surefire/maven-surefire-plugin/xsd/surefire-test-report.xsd" name="TestSuite" time="6.302" tests="2" errors="0" skipped="0" failures="0">
  <properties>
    <property name="gopherProxySet" value="false"/>
    <property name="awt.toolkit" value="sun.lwawt.macosx.LWCToolkit"/>
    <property name="java.specification.version" value="11"/>
    <property name="sun.cpu.isalist" value=""/>
    <property name="sun.jnu.encoding" value="UTF-8"/>
    <property name="java.class.path" value="/Users/sajidhussain/eclipse-workspace/Almosafer_Rest/target/test-classes:/Users/sajidhussain/eclipse-workspace/Almosafer_Rest/target/classes:/Users/sajidhussain/.m2/repository/org/apache/maven/plugins/maven-compiler-plugin/3.10.1/maven-compiler-plugin-3.10.1.jar:/Users/sajidhussain/.m2/repository/org/apache/maven/shared/maven-shared-utils/3.3.4/maven-shared-utils-3.3.4.jar:/Users/sajidhussain/.m2/repository/commons-io/commons-io/2.6/commons-io-2.6.jar:/Users/sajidhussain/.m2/repository/org/apache/maven/shared/maven-shared-incremental/1.1/maven-shared-incremental-1.1.jar:/Users/sajidhussain/.m2/repository/org/codehaus/plexus/plexus-component-annotations/1.5.5/plexus-component-annotations-1.5.5.jar:/Users/sajidhussain/.m2/repository/org/codehaus/plexus/plexus-java/1.1.1/plexus-java-1.1.1.jar:/Users/sajidhussain/.m2/repository/org/ow2/asm/asm/9.2/asm-9.2.jar:/Users/sajidhussain/.m2/repository/com/thoughtworks/qdox/qdox/2.0.1/qdox-2.0.1.jar:/Users/sajidhussain/.m2/repository/org/codehaus/plexus/plexus-compiler-api/2.11.1/plexus-compiler-api-2.11.1.jar:/Users/sajidhussain/.m2/repository/org/codehaus/plexus/plexus-compiler-manager/2.11.1/plexus-compiler-manager-2.11.1.jar:/Users/sajidhussain/.m2/repository/org/codehaus/plexus/plexus-compiler-javac/2.11.1/plexus-compiler-javac-2.11.1.jar:/Users/sajidhussain/.m2/repository/org/apache/maven/plugins/maven-surefire-report-plugin/2.22.2/maven-surefire-report-plugin-2.22.2.jar:/Users/sajidhussain/.m2/repository/org/apache/maven/maven-project/2.2.1/maven-project-2.2.1.jar:/Users/sajidhussain/.m2/repository/org/apache/maven/maven-settings/2.2.1/maven-settings-2.2.1.jar:/Users/sajidhussain/.m2/repository/org/apache/maven/maven-profile/2.2.1/maven-profile-2.2.1.jar:/Users/sajidhussain/.m2/repository/org/apache/maven/maven-artifact-manager/2.2.1/maven-artifact-manager-2.2.1.jar:/Users/sajidhussain/.m2/repository/org/apache/maven/maven-repository-metadata/2.2.1/maven-repository-metadata-2.2.1.jar:/Users/sajidhussain/.m2/repository/org/apache/maven/wagon/wagon-provider-api/1.0-beta-6/wagon-provider-api-1.0-beta-6.jar:/Users/sajidhussain/.m2/repository/backport-util-concurrent/backport-util-concurrent/3.1/backport-util-concurrent-3.1.jar:/Users/sajidhussain/.m2/repository/org/apache/maven/maven-plugin-registry/2.2.1/maven-plugin-registry-2.2.1.jar:/Users/sajidhussain/.m2/repository/org/codehaus/plexus/plexus-interpolation/1.11/plexus-interpolation-1.11.jar:/Users/sajidhussain/.m2/repository/org/apache/maven/maven-artifact/2.2.1/maven-artifact-2.2.1.jar:/Users/sajidhussain/.m2/repository/org/codehaus/plexus/plexus-container-default/1.0-alpha-9-stable-1/plexus-container-default-1.0-alpha-9-stable-1.jar:/Users/sajidhussain/.m2/repository/classworlds/classworlds/1.1-alpha-2/classworlds-1.1-alpha-2.jar:/Users/sajidhussain/.m2/repository/org/apache/maven/maven-model/2.2.1/maven-model-2.2.1.jar:/Users/sajidhussain/.m2/repository/org/apache/maven/maven-plugin-api/2.2.1/maven-plugin-api-2.2.1.jar:/Users/sajidhussain/.m2/repository/org/apache/maven/plugin-tools/maven-plugin-annotations/3.5.2/maven-plugin-annotations-3.5.2.jar:/Users/sajidhussain/.m2/repository/org/apache/maven/surefire/surefire-report-parser/2.22.2/surefire-report-parser-2.22.2.jar:/Users/sajidhussain/.m2/repository/org/apache/maven/surefire/surefire-logger-api/2.22.2/surefire-logger-api-2.22.2.jar:/Users/sajidhussain/.m2/repository/org/apache/maven/reporting/maven-reporting-api/3.0/maven-reporting-api-3.0.jar:/Users/sajidhussain/.m2/repository/org/apache/maven/reporting/maven-reporting-impl/2.4/maven-reporting-impl-2.4.jar:/Users/sajidhussain/.m2/repository/org/apache/maven/doxia/doxia-sink-api/1.6/doxia-sink-api-1.6.jar:/Users/sajidhussain/.m2/repository/org/apache/maven/doxia/doxia-core/1.6/doxia-core-1.6.jar:/Users/sajidhussain/.m2/repository/xerces/xercesImpl/2.9.1/xercesImpl-2.9.1.jar:/Users/sajidhussain/.m2/repository/xml-apis/xml-apis/1.3.04/xml-apis-1.3.04.jar:/Users/sajidhussain/.m2/repository/commons-lang/commons-lang/2.4/commons-lang-2.4.jar:/Users/sajidhussain/.m2/repository/xmlunit/xmlunit/1.5/xmlunit-1.5.jar:/Users/sajidhussain/.m2/repository/commons-validator/commons-validator/1.4.1/commons-validator-1.4.1.jar:/Users/sajidhussain/.m2/repository/commons-beanutils/commons-beanutils/1.8.3/commons-beanutils-1.8.3.jar:/Users/sajidhussain/.m2/repository/commons-digester/commons-digester/1.8.1/commons-digester-1.8.1.jar:/Users/sajidhussain/.m2/repository/org/apache/maven/doxia/doxia-site-renderer/1.6/doxia-site-renderer-1.6.jar:/Users/sajidhussain/.m2/repository/org/apache/maven/doxia/doxia-logging-api/1.6/doxia-logging-api-1.6.jar:/Users/sajidhussain/.m2/repository/org/apache/maven/doxia/doxia-decoration-model/1.6/doxia-decoration-model-1.6.jar:/Users/sajidhussain/.m2/repository/org/apache/maven/doxia/doxia-module-xhtml/1.6/doxia-module-xhtml-1.6.jar:/Users/sajidhussain/.m2/repository/org/apache/maven/doxia/doxia-module-fml/1.6/doxia-module-fml-1.6.jar:/Users/sajidhussain/.m2/repository/org/codehaus/plexus/plexus-i18n/1.0-beta-7/plexus-i18n-1.0-beta-7.jar:/Users/sajidhussain/.m2/repository/org/codehaus/plexus/plexus-velocity/1.1.7/plexus-velocity-1.1.7.jar:/Users/sajidhussain/.m2/repository/org/apache/velocity/velocity/1.5/velocity-1.5.jar:/Users/sajidhussain/.m2/repository/oro/oro/2.0.8/oro-2.0.8.jar:/Users/sajidhussain/.m2/repository/org/apache/velocity/velocity-tools/2.0/velocity-tools-2.0.jar:/Users/sajidhussain/.m2/repository/commons-chain/commons-chain/1.1/commons-chain-1.1.jar:/Users/sajidhussain/.m2/repository/dom4j/dom4j/1.1/dom4j-1.1.jar:/Users/sajidhussain/.m2/repository/sslext/sslext/1.2-0/sslext-1.2-0.jar:/Users/sajidhussain/.m2/repository/org/apache/struts/struts-core/1.3.8/struts-core-1.3.8.jar:/Users/sajidhussain/.m2/repository/antlr/antlr/2.7.2/antlr-2.7.2.jar:/Users/sajidhussain/.m2/repository/org/apache/struts/struts-taglib/1.3.8/struts-taglib-1.3.8.jar:/Users/sajidhussain/.m2/repository/org/apache/struts/struts-tiles/1.3.8/struts-tiles-1.3.8.jar:/Users/sajidhussain/.m2/repository/commons-collections/commons-collections/3.2.1/commons-collections-3.2.1.jar:/Users/sajidhussain/.m2/repository/org/codehaus/plexus/plexus-utils/3.0.15/plexus-utils-3.0.15.jar:/Users/sajidhussain/.m2/repository/com/codoid/products/fillo/1.21/fillo-1.21.jar:/Users/sajidhussain/.m2/repository/junit/junit/4.11/junit-4.11.jar:/Users/sajidhussain/.m2/repository/org/hamcrest/hamcrest-core/1.3/hamcrest-core-1.3.jar:/Users/sajidhussain/.m2/repository/org/testng/testng/6.8.1/testng-6.8.1.jar:/Users/sajidhussain/.m2/repository/org/beanshell/bsh/2.0b4/bsh-2.0b4.jar:/Users/sajidhussain/.m2/repository/com/beust/jcommander/1.27/jcommander-1.27.jar:/Users/sajidhussain/.m2/repository/org/yaml/snakeyaml/1.6/snakeyaml-1.6.jar:/Users/sajidhussain/.m2/repository/io/rest-assured/rest-assured/4.2.0/rest-assured-4.2.0.jar:/Users/sajidhussain/.m2/repository/org/codehaus/groovy/groovy/2.5.8/groovy-2.5.8.jar:/Users/sajidhussain/.m2/repository/org/codehaus/groovy/groovy-xml/2.5.8/groovy-xml-2.5.8.jar:/Users/sajidhussain/.m2/repository/org/apache/httpcomponents/httpclient/4.5.3/httpclient-4.5.3.jar:/Users/sajidhussain/.m2/repository/org/apache/httpcomponents/httpcore/4.4.6/httpcore-4.4.6.jar:/Users/sajidhussain/.m2/repository/commons-logging/commons-logging/1.2/commons-logging-1.2.jar:/Users/sajidhussain/.m2/repository/commons-codec/commons-codec/1.9/commons-codec-1.9.jar:/Users/sajidhussain/.m2/repository/org/apache/httpcomponents/httpmime/4.5.3/httpmime-4.5.3.jar:/Users/sajidhussain/.m2/repository/org/hamcrest/hamcrest/2.1/hamcrest-2.1.jar:/Users/sajidhussain/.m2/repository/org/ccil/cowan/tagsoup/tagsoup/1.2.1/tagsoup-1.2.1.jar:/Users/sajidhussain/.m2/repository/io/rest-assured/json-path/4.2.0/json-path-4.2.0.jar:/Users/sajidhussain/.m2/repository/org/codehaus/groovy/groovy-json/2.5.8/groovy-json-2.5.8.jar:/Users/sajidhussain/.m2/repository/io/rest-assured/rest-assured-common/4.2.0/rest-assured-common-4.2.0.jar:/Users/sajidhussain/.m2/repository/io/rest-assured/xml-path/4.2.0/xml-path-4.2.0.jar:/Users/sajidhussain/.m2/repository/org/apache/commons/commons-lang3/3.4/commons-lang3-3.4.jar:/Users/sajidhussain/.m2/repository/jakarta/xml/bind/jakarta.xml.bind-api/2.3.2/jakarta.xml.bind-api-2.3.2.jar:/Users/sajidhussain/.m2/repository/jakarta/activation/jakarta.activation-api/1.2.1/jakarta.activation-api-1.2.1.jar:/Users/sajidhussain/.m2/repository/com/sun/xml/bind/jaxb-osgi/2.3.0.1/jaxb-osgi-2.3.0.1.jar:/Users/sajidhussain/.m2/repository/org/apache/sling/org.apache.sling.javax.activation/0.1.0/org.apache.sling.javax.activation-0.1.0.jar:/Users/sajidhussain/.m2/repository/javax/activation/activation/1.1.1/activation-1.1.1.jar:/Users/sajidhussain/.m2/repository/com/google/code/gson/gson/2.8.5/gson-2.8.5.jar:/Users/sajidhussain/.m2/repository/org/apache/logging/log4j/log4j-core/2.12.1/log4j-core-2.12.1.jar:/Users/sajidhussain/.m2/repository/org/apache/logging/log4j/log4j-api/2.12.1/log4j-api-2.12.1.jar:/Users/sajidhussain/.m2/repository/io/qameta/allure/allure-testng/2.12.0/allure-testng-2.12.0.jar:/Users/sajidhussain/.m2/repository/io/qameta/allure/allure-java-commons/2.12.0/allure-java-commons-2.12.0.jar:/Users/sajidhussain/.m2/repository/io/qameta/allure/allure-model/2.12.0/allure-model-2.12.0.jar:/Users/sajidhussain/.m2/repository/org/slf4j/slf4j-api/1.7.25/slf4j-api-1.7.25.jar:/Users/sajidhussain/.m2/repository/com/fasterxml/jackson/core/jackson-databind/2.9.8/jackson-databind-2.9.8.jar:/Users/sajidhussain/.m2/repository/com/fasterxml/jackson/core/jackson-annotations/2.9.0/jackson-annotations-2.9.0.jar:/Users/sajidhussain/.m2/repository/com/fasterxml/jackson/core/jackson-core/2.9.8/jackson-core-2.9.8.jar:/Users/sajidhussain/.m2/repository/org/apache/tika/tika-core/1.20/tika-core-1.20.jar:/Users/sajidhussain/.m2/repository/org/jooq/joor-java-8/0.9.10/joor-java-8-0.9.10.jar:/Users/sajidhussain/.m2/repository/org/aspectj/aspectjweaver/1.8.10/aspectjweaver-1.8.10.jar:"/>
    <property name="java.vm.vendor" value="OpenLogic"/>
    <property name="sun.arch.data.model" value="64"/>
    <property name="java.vendor.url" value="https://openlogic.com/"/>
    <property name="user.timezone" value=""/>
    <property name="java.vm.specification.version" value="11"/>
    <property name="os.name" value="Mac OS X"/>
    <property name="sun.java.launcher" value="SUN_STANDARD"/>
    <property name="user.country" value="PK"/>
    <property name="sun.boot.library.path" value="/Library/Java/JavaVirtualMachines/openlogic-openjdk-11.jdk/Contents/Home/lib"/>
    <property name="sun.java.command" value="/Users/sajidhussain/eclipse-workspace/Almosafer_Rest/target/surefire/surefirebooter16648931679686187881.jar /Users/sajidhussain/eclipse-workspace/Almosafer_Rest/target/surefire 2022-12-10T01-11-40_406-jvmRun1 surefire17733320939296763403tmp surefire_08720992492709474547tmp"/>
    <property name="jdk.debug" value="release"/>
    <property name="surefire.test.class.path" value="/Users/sajidhussain/eclipse-workspace/Almosafer_Rest/target/test-classes:/Users/sajidhussain/eclipse-workspace/Almosafer_Rest/target/classes:/Users/sajidhussain/.m2/repository/org/apache/maven/plugins/maven-compiler-plugin/3.10.1/maven-compiler-plugin-3.10.1.jar:/Users/sajidhussain/.m2/repository/org/apache/maven/shared/maven-shared-utils/3.3.4/maven-shared-utils-3.3.4.jar:/Users/sajidhussain/.m2/repository/commons-io/commons-io/2.6/commons-io-2.6.jar:/Users/sajidhussain/.m2/repository/org/apache/maven/shared/maven-shared-incremental/1.1/maven-shared-incremental-1.1.jar:/Users/sajidhussain/.m2/repository/org/codehaus/plexus/plexus-component-annotations/1.5.5/plexus-component-annotations-1.5.5.jar:/Users/sajidhussain/.m2/repository/org/codehaus/plexus/plexus-java/1.1.1/plexus-java-1.1.1.jar:/Users/sajidhussain/.m2/repository/org/ow2/asm/asm/9.2/asm-9.2.jar:/Users/sajidhussain/.m2/repository/com/thoughtworks/qdox/qdox/2.0.1/qdox-2.0.1.jar:/Users/sajidhussain/.m2/repository/org/codehaus/plexus/plexus-compiler-api/2.11.1/plexus-compiler-api-2.11.1.jar:/Users/sajidhussain/.m2/repository/org/codehaus/plexus/plexus-compiler-manager/2.11.1/plexus-compiler-manager-2.11.1.jar:/Users/sajidhussain/.m2/repository/org/codehaus/plexus/plexus-compiler-javac/2.11.1/plexus-compiler-javac-2.11.1.jar:/Users/sajidhussain/.m2/repository/org/apache/maven/plugins/maven-surefire-report-plugin/2.22.2/maven-surefire-report-plugin-2.22.2.jar:/Users/sajidhussain/.m2/repository/org/apache/maven/maven-project/2.2.1/maven-project-2.2.1.jar:/Users/sajidhussain/.m2/repository/org/apache/maven/maven-settings/2.2.1/maven-settings-2.2.1.jar:/Users/sajidhussain/.m2/repository/org/apache/maven/maven-profile/2.2.1/maven-profile-2.2.1.jar:/Users/sajidhussain/.m2/repository/org/apache/maven/maven-artifact-manager/2.2.1/maven-artifact-manager-2.2.1.jar:/Users/sajidhussain/.m2/repository/org/apache/maven/maven-repository-metadata/2.2.1/maven-repository-metadata-2.2.1.jar:/Users/sajidhussain/.m2/repository/org/apache/maven/wagon/wagon-provider-api/1.0-beta-6/wagon-provider-api-1.0-beta-6.jar:/Users/sajidhussain/.m2/repository/backport-util-concurrent/backport-util-concurrent/3.1/backport-util-concurrent-3.1.jar:/Users/sajidhussain/.m2/repository/org/apache/maven/maven-plugin-registry/2.2.1/maven-plugin-registry-2.2.1.jar:/Users/sajidhussain/.m2/repository/org/codehaus/plexus/plexus-interpolation/1.11/plexus-interpolation-1.11.jar:/Users/sajidhussain/.m2/repository/org/apache/maven/maven-artifact/2.2.1/maven-artifact-2.2.1.jar:/Users/sajidhussain/.m2/repository/org/codehaus/plexus/plexus-container-default/1.0-alpha-9-stable-1/plexus-container-default-1.0-alpha-9-stable-1.jar:/Users/sajidhussain/.m2/repository/classworlds/classworlds/1.1-alpha-2/classworlds-1.1-alpha-2.jar:/Users/sajidhussain/.m2/repository/org/apache/maven/maven-model/2.2.1/maven-model-2.2.1.jar:/Users/sajidhussain/.m2/repository/org/apache/maven/maven-plugin-api/2.2.1/maven-plugin-api-2.2.1.jar:/Users/sajidhussain/.m2/repository/org/apache/maven/plugin-tools/maven-plugin-annotations/3.5.2/maven-plugin-annotations-3.5.2.jar:/Users/sajidhussain/.m2/repository/org/apache/maven/surefire/surefire-report-parser/2.22.2/surefire-report-parser-2.22.2.jar:/Users/sajidhussain/.m2/repository/org/apache/maven/surefire/surefire-logger-api/2.22.2/surefire-logger-api-2.22.2.jar:/Users/sajidhussain/.m2/repository/org/apache/maven/reporting/maven-reporting-api/3.0/maven-reporting-api-3.0.jar:/Users/sajidhussain/.m2/repository/org/apache/maven/reporting/maven-reporting-impl/2.4/maven-reporting-impl-2.4.jar:/Users/sajidhussain/.m2/repository/org/apache/maven/doxia/doxia-sink-api/1.6/doxia-sink-api-1.6.jar:/Users/sajidhussain/.m2/repository/org/apache/maven/doxia/doxia-core/1.6/doxia-core-1.6.jar:/Users/sajidhussain/.m2/repository/xerces/xercesImpl/2.9.1/xercesImpl-2.9.1.jar:/Users/sajidhussain/.m2/repository/xml-apis/xml-apis/1.3.04/xml-apis-1.3.04.jar:/Users/sajidhussain/.m2/repository/commons-lang/commons-lang/2.4/commons-lang-2.4.jar:/Users/sajidhussain/.m2/repository/xmlunit/xmlunit/1.5/xmlunit-1.5.jar:/Users/sajidhussain/.m2/repository/commons-validator/commons-validator/1.4.1/commons-validator-1.4.1.jar:/Users/sajidhussain/.m2/repository/commons-beanutils/commons-beanutils/1.8.3/commons-beanutils-1.8.3.jar:/Users/sajidhussain/.m2/repository/commons-digester/commons-digester/1.8.1/commons-digester-1.8.1.jar:/Users/sajidhussain/.m2/repository/org/apache/maven/doxia/doxia-site-renderer/1.6/doxia-site-renderer-1.6.jar:/Users/sajidhussain/.m2/repository/org/apache/maven/doxia/doxia-logging-api/1.6/doxia-logging-api-1.6.jar:/Users/sajidhussain/.m2/repository/org/apache/maven/doxia/doxia-decoration-model/1.6/doxia-decoration-model-1.6.jar:/Users/sajidhussain/.m2/repository/org/apache/maven/doxia/doxia-module-xhtml/1.6/doxia-module-xhtml-1.6.jar:/Users/sajidhussain/.m2/repository/org/apache/maven/doxia/doxia-module-fml/1.6/doxia-module-fml-1.6.jar:/Users/sajidhussain/.m2/repository/org/codehaus/plexus/plexus-i18n/1.0-beta-7/plexus-i18n-1.0-beta-7.jar:/Users/sajidhussain/.m2/repository/org/codehaus/plexus/plexus-velocity/1.1.7/plexus-velocity-1.1.7.jar:/Users/sajidhussain/.m2/repository/org/apache/velocity/velocity/1.5/velocity-1.5.jar:/Users/sajidhussain/.m2/repository/oro/oro/2.0.8/oro-2.0.8.jar:/Users/sajidhussain/.m2/repository/org/apache/velocity/velocity-tools/2.0/velocity-tools-2.0.jar:/Users/sajidhussain/.m2/repository/commons-chain/commons-chain/1.1/commons-chain-1.1.jar:/Users/sajidhussain/.m2/repository/dom4j/dom4j/1.1/dom4j-1.1.jar:/Users/sajidhussain/.m2/repository/sslext/sslext/1.2-0/sslext-1.2-0.jar:/Users/sajidhussain/.m2/repository/org/apache/struts/struts-core/1.3.8/struts-core-1.3.8.jar:/Users/sajidhussain/.m2/repository/antlr/antlr/2.7.2/antlr-2.7.2.jar:/Users/sajidhussain/.m2/repository/org/apache/struts/struts-taglib/1.3.8/struts-taglib-1.3.8.jar:/Users/sajidhussain/.m2/repository/org/apache/struts/struts-tiles/1.3.8/struts-tiles-1.3.8.jar:/Users/sajidhussain/.m2/repository/commons-collections/commons-collections/3.2.1/commons-collections-3.2.1.jar:/Users/sajidhussain/.m2/repository/org/codehaus/plexus/plexus-utils/3.0.15/plexus-utils-3.0.15.jar:/Users/sajidhussain/.m2/repository/com/codoid/products/fillo/1.21/fillo-1.21.jar:/Users/sajidhussain/.m2/repository/junit/junit/4.11/junit-4.11.jar:/Users/sajidhussain/.m2/repository/org/hamcrest/hamcrest-core/1.3/hamcrest-core-1.3.jar:/Users/sajidhussain/.m2/repository/org/testng/testng/6.8.1/testng-6.8.1.jar:/Users/sajidhussain/.m2/repository/org/beanshell/bsh/2.0b4/bsh-2.0b4.jar:/Users/sajidhussain/.m2/repository/com/beust/jcommander/1.27/jcommander-1.27.jar:/Users/sajidhussain/.m2/repository/org/yaml/snakeyaml/1.6/snakeyaml-1.6.jar:/Users/sajidhussain/.m2/repository/io/rest-assured/rest-assured/4.2.0/rest-assured-4.2.0.jar:/Users/sajidhussain/.m2/repository/org/codehaus/groovy/groovy/2.5.8/groovy-2.5.8.jar:/Users/sajidhussain/.m2/repository/org/codehaus/groovy/groovy-xml/2.5.8/groovy-xml-2.5.8.jar:/Users/sajidhussain/.m2/repository/org/apache/httpcomponents/httpclient/4.5.3/httpclient-4.5.3.jar:/Users/sajidhussain/.m2/repository/org/apache/httpcomponents/httpcore/4.4.6/httpcore-4.4.6.jar:/Users/sajidhussain/.m2/repository/commons-logging/commons-logging/1.2/commons-logging-1.2.jar:/Users/sajidhussain/.m2/repository/commons-codec/commons-codec/1.9/commons-codec-1.9.jar:/Users/sajidhussain/.m2/repository/org/apache/httpcomponents/httpmime/4.5.3/httpmime-4.5.3.jar:/Users/sajidhussain/.m2/repository/org/hamcrest/hamcrest/2.1/hamcrest-2.1.jar:/Users/sajidhussain/.m2/repository/org/ccil/cowan/tagsoup/tagsoup/1.2.1/tagsoup-1.2.1.jar:/Users/sajidhussain/.m2/repository/io/rest-assured/json-path/4.2.0/json-path-4.2.0.jar:/Users/sajidhussain/.m2/repository/org/codehaus/groovy/groovy-json/2.5.8/groovy-json-2.5.8.jar:/Users/sajidhussain/.m2/repository/io/rest-assured/rest-assured-common/4.2.0/rest-assured-common-4.2.0.jar:/Users/sajidhussain/.m2/repository/io/rest-assured/xml-path/4.2.0/xml-path-4.2.0.jar:/Users/sajidhussain/.m2/repository/org/apache/commons/commons-lang3/3.4/commons-lang3-3.4.jar:/Users/sajidhussain/.m2/repository/jakarta/xml/bind/jakarta.xml.bind-api/2.3.2/jakarta.xml.bind-api-2.3.2.jar:/Users/sajidhussain/.m2/repository/jakarta/activation/jakarta.activation-api/1.2.1/jakarta.activation-api-1.2.1.jar:/Users/sajidhussain/.m2/repository/com/sun/xml/bind/jaxb-osgi/2.3.0.1/jaxb-osgi-2.3.0.1.jar:/Users/sajidhussain/.m2/repository/org/apache/sling/org.apache.sling.javax.activation/0.1.0/org.apache.sling.javax.activation-0.1.0.jar:/Users/sajidhussain/.m2/repository/javax/activation/activation/1.1.1/activation-1.1.1.jar:/Users/sajidhussain/.m2/repository/com/google/code/gson/gson/2.8.5/gson-2.8.5.jar:/Users/sajidhussain/.m2/repository/org/apache/logging/log4j/log4j-core/2.12.1/log4j-core-2.12.1.jar:/Users/sajidhussain/.m2/repository/org/apache/logging/log4j/log4j-api/2.12.1/log4j-api-2.12.1.jar:/Users/sajidhussain/.m2/repository/io/qameta/allure/allure-testng/2.12.0/allure-testng-2.12.0.jar:/Users/sajidhussain/.m2/repository/io/qameta/allure/allure-java-commons/2.12.0/allure-java-commons-2.12.0.jar:/Users/sajidhussain/.m2/repository/io/qameta/allure/allure-model/2.12.0/allure-model-2.12.0.jar:/Users/sajidhussain/.m2/repository/org/slf4j/slf4j-api/1.7.25/slf4j-api-1.7.25.jar:/Users/sajidhussain/.m2/repository/com/fasterxml/jackson/core/jackson-databind/2.9.8/jackson-databind-2.9.8.jar:/Users/sajidhussain/.m2/repository/com/fasterxml/jackson/core/jackson-annotations/2.9.0/jackson-annotations-2.9.0.jar:/Users/sajidhussain/.m2/repository/com/fasterxml/jackson/core/jackson-core/2.9.8/jackson-core-2.9.8.jar:/Users/sajidhussain/.m2/repository/org/apache/tika/tika-core/1.20/tika-core-1.20.jar:/Users/sajidhussain/.m2/repository/org/jooq/joor-java-8/0.9.10/joor-java-8-0.9.10.jar:/Users/sajidhussain/.m2/repository/org/aspectj/aspectjweaver/1.8.10/aspectjweaver-1.8.10.jar:"/>
    <property name="sun.cpu.endian" value="little"/>
    <property name="user.home" value="/Users/sajidhussain"/>
    <property name="user.language" value="en"/>
    <property name="java.specification.vendor" value="Oracle Corporation"/>
    <property name="java.version.date" value="2020-07-14"/>
    <property name="java.home" value="/Library/Java/JavaVirtualMachines/openlogic-openjdk-11.jdk/Contents/Home"/>
    <property name="file.separator" value="/"/>
    <property name="basedir" value="/Users/sajidhussain/eclipse-workspace/Almosafer_Rest"/>
    <property name="java.vm.compressedOopsMode" value="Zero based"/>
    <property name="line.separator" value="&#10;"/>
    <property name="java.specification.name" value="Java Platform API Specification"/>
    <property name="java.vm.specification.vendor" value="Oracle Corporation"/>
    <property name="java.awt.graphicsenv" value="sun.awt.CGraphicsEnvironment"/>
    <property name="surefire.real.class.path" value="/Users/sajidhussain/eclipse-workspace/Almosafer_Rest/target/surefire/surefirebooter16648931679686187881.jar"/>
    <property name="sun.management.compiler" value="HotSpot 64-Bit Tiered Compilers"/>
    <property name="java.runtime.version" value="11.0.8+10-adhoc.admin.jdk11u"/>
    <property name="user.name" value="sajidhussain"/>
    <property name="path.separator" value=":"/>
    <property name="os.version" value="10.16"/>
    <property name="java.runtime.name" value="OpenJDK Runtime Environment"/>
    <property name="file.encoding" value="UTF-8"/>
    <property name="java.vm.name" value="OpenJDK 64-Bit Server VM"/>
    <property name="java.vendor.version" value="OpenLogic-OpenJDK"/>
    <property name="localRepository" value="/Users/sajidhussain/.m2/repository"/>
    <property name="java.vendor.url.bug" value="https://techsupport.roguewave.com/"/>
    <property name="java.io.tmpdir" value="/var/folders/rg/p2lcwbg95dv18znmz8h_5rpc0000gp/T/"/>
    <property name="java.version" value="11.0.8"/>
    <property name="user.dir" value="/Users/sajidhussain/eclipse-workspace/Almosafer_Rest"/>
    <property name="os.arch" value="x86_64"/>
    <property name="java.vm.specification.name" value="Java Virtual Machine Specification"/>
    <property name="java.awt.printerjob" value="sun.lwawt.macosx.CPrinterJob"/>
    <property name="sun.os.patch.level" value="unknown"/>
    <property name="java.library.path" value="/Users/sajidhussain/Library/Java/Extensions:/Library/Java/Extensions:/Network/Library/Java/Extensions:/System/Library/Java/Extensions:/usr/lib/java:."/>
    <property name="java.vm.info" value="mixed mode"/>
    <property name="java.vendor" value="OpenLogic"/>
    <property name="java.vm.version" value="11.0.8+10-adhoc.admin.jdk11u"/>
    <property name="sun.io.unicode.encoding" value="UnicodeBig"/>
    <property name="java.class.version" value="55.0"/>
  </properties>
  <testcase name="postPricePolicy" classname="tests.PostPricePolicy" time="1.759"/>
  <testcase name="testGetFlights" classname="tests.GetFlight" time="1.647"/>
</testsuite>