<?xml version="1.0" encoding="UTF-8"?>
<!-- Generated by org.testng.reporters.JUnitReportReporter -->
<testsuite hostname="MT-C02FQ37DMD6M" failures="0" tests="1" name="tests.PostCreateRepo" time="2.242" errors="0" timestamp="8 Dec 2022 22:27:20 GMT">
  <testcase classname="tests.PostCreateRepo" name="postPricePolicy" time="2.242"/>
</testsuite> <!-- tests.PostCreateRepo -->
